<?xml version="1.0" encoding="UTF-8"?>
<!-- Generated by org.testng.reporters.JUnitXMLReporter -->
<testsuite ignored="0" hostname="PRFT-13713" failures="1" tests="1" name="Surefire test" time="33.746" errors="0" timestamp="2023-02-24T08:16:55 CST">
  <testcase classname="io.cucumber.testng.AbstractTestNGCucumberTests" name="runScenario" time="33.086">
    <failure type="java.lang.AssertionError" message="Found 7 accessibility violations:
1) Elements must have sufficient color contrast: https://dequeuniversity.com/rules/axe/3.1/color-contrast?application=axeAPI
  a) [&amp;quot;#MainNavItem_0 &amp;gt; h2 &amp;gt; a&amp;quot;]
    Fix any of the following:
      Element has insufficient color contrast of 2.14 (foreground color: #ffffff, background color: #ff9900, font size: 13.5pt, font weight: normal). Expected contrast ratio of 4.5:1


  b) [&amp;quot;#ns_Z7_QB0003002GB790ASJIA2V910I0_\\:health_tab_link &amp;gt; a&amp;quot;]
    Fix any of the following:
      Element has insufficient color contrast of 3.02 (foreground color: #3399ee, background color: #ffffff, font size: 10.5pt, font weight: bold). Expected contrast ratio of 4.5:1


  c) [&amp;quot;#ns_Z7_QB0003002GB790ASJIA2V910I0_\\:dental_tab_link &amp;gt; a&amp;quot;]
    Fix any of the following:
      Element has insufficient color contrast of 2.23 (foreground color: #3399ee, background color: #dddddd, font size: 10.5pt, font weight: bold). Expected contrast ratio of 4.5:1


  d) [&amp;quot;#ns_Z7_QB0003002GB790ASJIA2V910I0_\\:health_tab_div &amp;gt; .familymember[href=\&amp;quot;#\&amp;quot;]:nth-child(2) &amp;gt; .access.no-access&amp;quot;]
    Fix any of the following:
      Element has insufficient color contrast of 3.99 (foreground color: #ff0000, background color: #ffffff, font size: 8.3pt, font weight: normal). Expected contrast ratio of 4.5:1


  e) [&amp;quot;#ns_Z7_QB0003002GB790ASJIA2V91026_healthTitle &amp;gt; .title&amp;quot;]
    Fix any of the following:
      Element has insufficient color contrast of 3.02 (foreground color: #3399ee, background color: #ffffff, font size: 10.5pt, font weight: bold). Expected contrast ratio of 4.5:1


  f) [&amp;quot;.health_claims &amp;gt; .title&amp;quot;]
    Fix any of the following:
      Element has insufficient color contrast of 3.02 (foreground color: #3399ee, background color: #ffffff, font size: 10.5pt, font weight: bold). Expected contrast ratio of 4.5:1


  g) [&amp;quot;#ns_Z7_QB0003002GB790ASJIA2V910S5_\\:claimSection &amp;gt; .page-section &amp;gt; .sm-datatable &amp;gt; tbody &amp;gt; tr:nth-child(2) &amp;gt; td:nth-child(1) &amp;gt; a &amp;gt; .calbox &amp;gt; .calbox-month&amp;quot;]
    Fix any of the following:
      Element has insufficient color contrast of 3.02 (foreground color: #ffffff, background color: #3399ee, font size: 8.3pt, font weight: bold). Expected contrast ratio of 4.5:1


  h) [&amp;quot;#ns_Z7_QB0003002GB790ASJIA2V910S5_\\:claimSection &amp;gt; .page-section &amp;gt; .sm-datatable &amp;gt; tbody &amp;gt; tr:nth-child(2) &amp;gt; td:nth-child(1) &amp;gt; a &amp;gt; .calbox &amp;gt; .calbox-month &amp;gt; span&amp;quot;]
    Fix any of the following:
      Element has insufficient color contrast of 3.02 (foreground color: #ffffff, background color: #3399ee, font size: 8.3pt, font weight: bold). Expected contrast ratio of 4.5:1


  i) [&amp;quot;#ns_Z7_QB0003002GB790ASJIA2V910S5_\\:claimSection &amp;gt; .page-section &amp;gt; .sm-datatable &amp;gt; tbody &amp;gt; tr:nth-child(2) &amp;gt; td:nth-child(1) &amp;gt; a &amp;gt; .calbox &amp;gt; .calbox-day&amp;quot;]
    Fix any of the following:
      Element has insufficient color contrast of 2.72 (foreground color: #2288dd, background color: #ccddff, font size: 12.0pt, font weight: bold). Expected contrast ratio of 4.5:1


  j) [&amp;quot;#ns_Z7_QB0003002GB790ASJIA2V910S5_\\:claimSection &amp;gt; .page-section &amp;gt; .sm-datatable &amp;gt; tbody &amp;gt; tr:nth-child(3) &amp;gt; td:nth-child(1) &amp;gt; a &amp;gt; .calbox &amp;gt; .calbox-month&amp;quot;]
    Fix any of the following:
      Element has insufficient color contrast of 3.02 (foreground color: #ffffff, background color: #3399ee, font size: 8.3pt, font weight: bold). Expected contrast ratio of 4.5:1


  k) [&amp;quot;#ns_Z7_QB0003002GB790ASJIA2V910S5_\\:claimSection &amp;gt; .page-section &amp;gt; .sm-datatable &amp;gt; tbody &amp;gt; tr:nth-child(3) &amp;gt; td:nth-child(1) &amp;gt; a &amp;gt; .calbox &amp;gt; .calbox-month &amp;gt; span&amp;quot;]
    Fix any of the following:
      Element has insufficient color contrast of 3.02 (foreground color: #ffffff, background color: #3399ee, font size: 8.3pt, font weight: bold). Expected contrast ratio of 4.5:1


  l) [&amp;quot;#ns_Z7_QB0003002GB790ASJIA2V910S5_\\:claimSection &amp;gt; .page-section &amp;gt; .sm-datatable &amp;gt; tbody &amp;gt; tr:nth-child(3) &amp;gt; td:nth-child(1) &amp;gt; a &amp;gt; .calbox &amp;gt; .calbox-day&amp;quot;]
    Fix any of the following:
      Element has insufficient color contrast of 2.72 (foreground color: #2288dd, background color: #ccddff, font size: 12.0pt, font weight: bold). Expected contrast ratio of 4.5:1


  m) [&amp;quot;#ns_Z7_QB0003002GB790ASJIA2V910S5_\\:claimSection &amp;gt; .page-section &amp;gt; .sm-datatable &amp;gt; tbody &amp;gt; tr:nth-child(4) &amp;gt; td:nth-child(1) &amp;gt; a &amp;gt; .calbox &amp;gt; .calbox-month&amp;quot;]
    Fix any of the following:
      Element has insufficient color contrast of 3.02 (foreground color: #ffffff, background color: #3399ee, font size: 8.3pt, font weight: bold). Expected contrast ratio of 4.5:1


  n) [&amp;quot;#ns_Z7_QB0003002GB790ASJIA2V910S5_\\:claimSection &amp;gt; .page-section &amp;gt; .sm-datatable &amp;gt; tbody &amp;gt; tr:nth-child(4) &amp;gt; td:nth-child(1) &amp;gt; a &amp;gt; .calbox &amp;gt; .calbox-month &amp;gt; span&amp;quot;]
    Fix any of the following:
      Element has insufficient color contrast of 3.02 (foreground color: #ffffff, background color: #3399ee, font size: 8.3pt, font weight: bold). Expected contrast ratio of 4.5:1


  o) [&amp;quot;#ns_Z7_QB0003002GB790ASJIA2V910S5_\\:claimSection &amp;gt; .page-section &amp;gt; .sm-datatable &amp;gt; tbody &amp;gt; tr:nth-child(4) &amp;gt; td:nth-child(1) &amp;gt; a &amp;gt; .calbox &amp;gt; .calbox-day&amp;quot;]
    Fix any of the following:
      Element has insufficient color contrast of 2.72 (foreground color: #2288dd, background color: #ccddff, font size: 12.0pt, font weight: bold). Expected contrast ratio of 4.5:1


  p) [&amp;quot;#ns_Z7_QB0003002GB790ASJIA2V91025_dentalTitle &amp;gt; .title&amp;quot;]
    Fix any of the following:
      Element has insufficient color contrast of 3.02 (foreground color: #3399ee, background color: #ffffff, font size: 10.5pt, font weight: bold). Expected contrast ratio of 4.5:1


  q) [&amp;quot;.dental_claims &amp;gt; .title&amp;quot;]
    Fix any of the following:
      Element has insufficient color contrast of 3.02 (foreground color: #3399ee, background color: #ffffff, font size: 10.5pt, font weight: bold). Expected contrast ratio of 4.5:1


  r) [&amp;quot;#ns_Z7_QB0003002GB790ASJIA2V910S7_\\:claimSection &amp;gt; .page-section &amp;gt; .sm-datatable &amp;gt; tbody &amp;gt; tr:nth-child(2) &amp;gt; td:nth-child(1) &amp;gt; a &amp;gt; .calbox &amp;gt; .calbox-month&amp;quot;]
    Fix any of the following:
      Element has insufficient color contrast of 3.02 (foreground color: #ffffff, background color: #3399ee, font size: 8.3pt, font weight: bold). Expected contrast ratio of 4.5:1


  s) [&amp;quot;#ns_Z7_QB0003002GB790ASJIA2V910S7_\\:claimSection &amp;gt; .page-section &amp;gt; .sm-datatable &amp;gt; tbody &amp;gt; tr:nth-child(2) &amp;gt; td:nth-child(1) &amp;gt; a &amp;gt; .calbox &amp;gt; .calbox-month &amp;gt; span&amp;quot;]
    Fix any of the following:
      Element has insufficient color contrast of 3.02 (foreground color: #ffffff, background color: #3399ee, font size: 8.3pt, font weight: bold). Expected contrast ratio of 4.5:1


  t) [&amp;quot;#ns_Z7_QB0003002GB790ASJIA2V910S7_\\:claimSection &amp;gt; .page-section &amp;gt; .sm-datatable &amp;gt; tbody &amp;gt; tr:nth-child(2) &amp;gt; td:nth-child(1) &amp;gt; a &amp;gt; .calbox &amp;gt; .calbox-day&amp;quot;]
    Fix any of the following:
      Element has insufficient color contrast of 2.72 (foreground color: #2288dd, background color: #ccddff, font size: 12.0pt, font weight: bold). Expected contrast ratio of 4.5:1


  u) [&amp;quot;#ns_Z7_QB0003002GB790ASJIA2V910S7_\\:claimSection &amp;gt; .page-section &amp;gt; .sm-datatable &amp;gt; tbody &amp;gt; tr:nth-child(3) &amp;gt; td:nth-child(1) &amp;gt; a &amp;gt; .calbox &amp;gt; .calbox-month&amp;quot;]
    Fix any of the following:
      Element has insufficient color contrast of 3.02 (foreground color: #ffffff, background color: #3399ee, font size: 8.3pt, font weight: bold). Expected contrast ratio of 4.5:1


  v) [&amp;quot;#ns_Z7_QB0003002GB790ASJIA2V910S7_\\:claimSection &amp;gt; .page-section &amp;gt; .sm-datatable &amp;gt; tbody &amp;gt; tr:nth-child(3) &amp;gt; td:nth-child(1) &amp;gt; a &amp;gt; .calbox &amp;gt; .calbox-month &amp;gt; span&amp;quot;]
    Fix any of the following:
      Element has insufficient color contrast of 3.02 (foreground color: #ffffff, background color: #3399ee, font size: 8.3pt, font weight: bold). Expected contrast ratio of 4.5:1


  w) [&amp;quot;#ns_Z7_QB0003002GB790ASJIA2V910S7_\\:claimSection &amp;gt; .page-section &amp;gt; .sm-datatable &amp;gt; tbody &amp;gt; tr:nth-child(3) &amp;gt; td:nth-child(1) &amp;gt; a &amp;gt; .calbox &amp;gt; .calbox-day&amp;quot;]
    Fix any of the following:
      Element has insufficient color contrast of 2.72 (foreground color: #2288dd, background color: #ccddff, font size: 12.0pt, font weight: bold). Expected contrast ratio of 4.5:1


  x) [&amp;quot;#ns_Z7_QB0003002GB790ASJIA2V910S7_\\:claimSection &amp;gt; .page-section &amp;gt; .sm-datatable &amp;gt; tbody &amp;gt; tr:nth-child(4) &amp;gt; td:nth-child(1) &amp;gt; a &amp;gt; .calbox &amp;gt; .calbox-month&amp;quot;]
    Fix any of the following:
      Element has insufficient color contrast of 3.02 (foreground color: #ffffff, background color: #3399ee, font size: 8.3pt, font weight: bold). Expected contrast ratio of 4.5:1


  y) [&amp;quot;#ns_Z7_QB0003002GB790ASJIA2V910S7_\\:claimSection &amp;gt; .page-section &amp;gt; .sm-datatable &amp;gt; tbody &amp;gt; tr:nth-child(4) &amp;gt; td:nth-child(1) &amp;gt; a &amp;gt; .calbox &amp;gt; .calbox-month &amp;gt; span&amp;quot;]
    Fix any of the following:
      Element has insufficient color contrast of 3.02 (foreground color: #ffffff, background color: #3399ee, font size: 8.3pt, font weight: bold). Expected contrast ratio of 4.5:1


  z) [&amp;quot;#ns_Z7_QB0003002GB790ASJIA2V910S7_\\:claimSection &amp;gt; .page-section &amp;gt; .sm-datatable &amp;gt; tbody &amp;gt; tr:nth-child(4) &amp;gt; td:nth-child(1) &amp;gt; a &amp;gt; .calbox &amp;gt; .calbox-day&amp;quot;]
    Fix any of the following:
      Element has insufficient color contrast of 2.72 (foreground color: #2288dd, background color: #ccddff, font size: 12.0pt, font weight: bold). Expected contrast ratio of 4.5:1


2) id attribute value must be unique: https://dequeuniversity.com/rules/axe/3.1/duplicate-id?application=axeAPI
  a) [&amp;quot;.id-Z7_7P9A1HC0OGMD40Q4OKLNDN00Q5 &amp;gt; .ibmPortalControl.wpthemeControl.wpthemeHidden &amp;gt; .wpthemeControlHeader[role=\&amp;quot;banner\&amp;quot;] &amp;gt; .wpthemeInner &amp;gt; .contextMenuInSkinIcon.wpthemeIcon.wpthemeMenuFocus &amp;gt; .wpthemeMenu[data-positioning-handler=\&amp;quot;horizontallyCenteredBelow\&amp;quot;] &amp;gt; .wpthemeAnchorSubmenu.wpthemeTemplateSubmenu &amp;gt; .wpthemeMenuSubmenu.wpthemeMenuBorder &amp;gt; .wpthemeMenuDropDown[role=\&amp;quot;menu\&amp;quot;]&amp;quot;]
    Fix any of the following:
      Document has multiple static elements with the same id attribute


3) Headings must not be empty: https://dequeuniversity.com/rules/axe/3.1/empty-heading?application=axeAPI
  a) [&amp;quot;#Poster-Secure-1 &amp;gt; h2&amp;quot;]
    Fix any of the following:
      Element does not have text that is visible to screen readers


  b) [&amp;quot;#Poster-Secure-2 &amp;gt; h2&amp;quot;]
    Fix any of the following:
      Element does not have text that is visible to screen readers


  c) [&amp;quot;#Poster-Secure-3 &amp;gt; h2&amp;quot;]
    Fix any of the following:
      Element does not have text that is visible to screen readers


  d) [&amp;quot;#Poster-Secure-4 &amp;gt; h2&amp;quot;]
    Fix any of the following:
      Element does not have text that is visible to screen readers


4) Page must not have more than one banner landmark: https://dequeuniversity.com/rules/axe/3.1/landmark-no-duplicate-banner?application=axeAPI
  a) [&amp;quot;html&amp;quot;]
    Fix any of the following:
      Document has more than one banner landmark


5) Links must have discernible text: https://dequeuniversity.com/rules/axe/3.1/link-name?application=axeAPI
  a) [&amp;quot;#Poster-15dd8220-1c54-40ac-8a0b-e69e27ef10fd&amp;quot;]
    Fix all of the following:
      Element is in tab order and does not have accessible text

    Fix any of the following:
      Element does not have text that is visible to screen readers
      aria-label attribute does not exist or is empty
      aria-labelledby attribute does not exist, references elements that do not exist or references elements that are empty
      Element&amp;apos;s default semantics were not overridden with role=&amp;quot;presentation&amp;quot;
      Element&amp;apos;s default semantics were not overridden with role=&amp;quot;none&amp;quot;


6) &amp;lt;ul&amp;gt; and &amp;lt;ol&amp;gt; must only directly contain &amp;lt;li&amp;gt;, &amp;lt;script&amp;gt; or &amp;lt;template&amp;gt; elements: https://dequeuniversity.com/rules/axe/3.1/list?application=axeAPI
  a) [&amp;quot;nav &amp;gt; ul&amp;quot;]
    Fix all of the following:
      List element has direct children that are not allowed inside &amp;lt;li&amp;gt; elements


7) All page content must be contained by landmarks: https://dequeuniversity.com/rules/axe/3.1/region?application=axeAPI
  a) [&amp;quot;html&amp;quot;]
    Fix any of the following:
      Some page content is not contained by landmarks

">
      <![CDATA[java.lang.AssertionError: Found 7 accessibility violations:
1) Elements must have sufficient color contrast: https://dequeuniversity.com/rules/axe/3.1/color-contrast?application=axeAPI
  a) ["#MainNavItem_0 > h2 > a"]
    Fix any of the following:
      Element has insufficient color contrast of 2.14 (foreground color: #ffffff, background color: #ff9900, font size: 13.5pt, font weight: normal). Expected contrast ratio of 4.5:1


  b) ["#ns_Z7_QB0003002GB790ASJIA2V910I0_\\:health_tab_link > a"]
    Fix any of the following:
      Element has insufficient color contrast of 3.02 (foreground color: #3399ee, background color: #ffffff, font size: 10.5pt, font weight: bold). Expected contrast ratio of 4.5:1


  c) ["#ns_Z7_QB0003002GB790ASJIA2V910I0_\\:dental_tab_link > a"]
    Fix any of the following:
      Element has insufficient color contrast of 2.23 (foreground color: #3399ee, background color: #dddddd, font size: 10.5pt, font weight: bold). Expected contrast ratio of 4.5:1


  d) ["#ns_Z7_QB0003002GB790ASJIA2V910I0_\\:health_tab_div > .familymember[href=\"#\"]:nth-child(2) > .access.no-access"]
    Fix any of the following:
      Element has insufficient color contrast of 3.99 (foreground color: #ff0000, background color: #ffffff, font size: 8.3pt, font weight: normal). Expected contrast ratio of 4.5:1


  e) ["#ns_Z7_QB0003002GB790ASJIA2V91026_healthTitle > .title"]
    Fix any of the following:
      Element has insufficient color contrast of 3.02 (foreground color: #3399ee, background color: #ffffff, font size: 10.5pt, font weight: bold). Expected contrast ratio of 4.5:1


  f) [".health_claims > .title"]
    Fix any of the following:
      Element has insufficient color contrast of 3.02 (foreground color: #3399ee, background color: #ffffff, font size: 10.5pt, font weight: bold). Expected contrast ratio of 4.5:1


  g) ["#ns_Z7_QB0003002GB790ASJIA2V910S5_\\:claimSection > .page-section > .sm-datatable > tbody > tr:nth-child(2) > td:nth-child(1) > a > .calbox > .calbox-month"]
    Fix any of the following:
      Element has insufficient color contrast of 3.02 (foreground color: #ffffff, background color: #3399ee, font size: 8.3pt, font weight: bold). Expected contrast ratio of 4.5:1


  h) ["#ns_Z7_QB0003002GB790ASJIA2V910S5_\\:claimSection > .page-section > .sm-datatable > tbody > tr:nth-child(2) > td:nth-child(1) > a > .calbox > .calbox-month > span"]
    Fix any of the following:
      Element has insufficient color contrast of 3.02 (foreground color: #ffffff, background color: #3399ee, font size: 8.3pt, font weight: bold). Expected contrast ratio of 4.5:1


  i) ["#ns_Z7_QB0003002GB790ASJIA2V910S5_\\:claimSection > .page-section > .sm-datatable > tbody > tr:nth-child(2) > td:nth-child(1) > a > .calbox > .calbox-day"]
    Fix any of the following:
      Element has insufficient color contrast of 2.72 (foreground color: #2288dd, background color: #ccddff, font size: 12.0pt, font weight: bold). Expected contrast ratio of 4.5:1


  j) ["#ns_Z7_QB0003002GB790ASJIA2V910S5_\\:claimSection > .page-section > .sm-datatable > tbody > tr:nth-child(3) > td:nth-child(1) > a > .calbox > .calbox-month"]
    Fix any of the following:
      Element has insufficient color contrast of 3.02 (foreground color: #ffffff, background color: #3399ee, font size: 8.3pt, font weight: bold). Expected contrast ratio of 4.5:1


  k) ["#ns_Z7_QB0003002GB790ASJIA2V910S5_\\:claimSection > .page-section > .sm-datatable > tbody > tr:nth-child(3) > td:nth-child(1) > a > .calbox > .calbox-month > span"]
    Fix any of the following:
      Element has insufficient color contrast of 3.02 (foreground color: #ffffff, background color: #3399ee, font size: 8.3pt, font weight: bold). Expected contrast ratio of 4.5:1


  l) ["#ns_Z7_QB0003002GB790ASJIA2V910S5_\\:claimSection > .page-section > .sm-datatable > tbody > tr:nth-child(3) > td:nth-child(1) > a > .calbox > .calbox-day"]
    Fix any of the following:
      Element has insufficient color contrast of 2.72 (foreground color: #2288dd, background color: #ccddff, font size: 12.0pt, font weight: bold). Expected contrast ratio of 4.5:1


  m) ["#ns_Z7_QB0003002GB790ASJIA2V910S5_\\:claimSection > .page-section > .sm-datatable > tbody > tr:nth-child(4) > td:nth-child(1) > a > .calbox > .calbox-month"]
    Fix any of the following:
      Element has insufficient color contrast of 3.02 (foreground color: #ffffff, background color: #3399ee, font size: 8.3pt, font weight: bold). Expected contrast ratio of 4.5:1


  n) ["#ns_Z7_QB0003002GB790ASJIA2V910S5_\\:claimSection > .page-section > .sm-datatable > tbody > tr:nth-child(4) > td:nth-child(1) > a > .calbox > .calbox-month > span"]
    Fix any of the following:
      Element has insufficient color contrast of 3.02 (foreground color: #ffffff, background color: #3399ee, font size: 8.3pt, font weight: bold). Expected contrast ratio of 4.5:1


  o) ["#ns_Z7_QB0003002GB790ASJIA2V910S5_\\:claimSection > .page-section > .sm-datatable > tbody > tr:nth-child(4) > td:nth-child(1) > a > .calbox > .calbox-day"]
    Fix any of the following:
      Element has insufficient color contrast of 2.72 (foreground color: #2288dd, background color: #ccddff, font size: 12.0pt, font weight: bold). Expected contrast ratio of 4.5:1


  p) ["#ns_Z7_QB0003002GB790ASJIA2V91025_dentalTitle > .title"]
    Fix any of the following:
      Element has insufficient color contrast of 3.02 (foreground color: #3399ee, background color: #ffffff, font size: 10.5pt, font weight: bold). Expected contrast ratio of 4.5:1


  q) [".dental_claims > .title"]
    Fix any of the following:
      Element has insufficient color contrast of 3.02 (foreground color: #3399ee, background color: #ffffff, font size: 10.5pt, font weight: bold). Expected contrast ratio of 4.5:1


  r) ["#ns_Z7_QB0003002GB790ASJIA2V910S7_\\:claimSection > .page-section > .sm-datatable > tbody > tr:nth-child(2) > td:nth-child(1) > a > .calbox > .calbox-month"]
    Fix any of the following:
      Element has insufficient color contrast of 3.02 (foreground color: #ffffff, background color: #3399ee, font size: 8.3pt, font weight: bold). Expected contrast ratio of 4.5:1


  s) ["#ns_Z7_QB0003002GB790ASJIA2V910S7_\\:claimSection > .page-section > .sm-datatable > tbody > tr:nth-child(2) > td:nth-child(1) > a > .calbox > .calbox-month > span"]
    Fix any of the following:
      Element has insufficient color contrast of 3.02 (foreground color: #ffffff, background color: #3399ee, font size: 8.3pt, font weight: bold). Expected contrast ratio of 4.5:1


  t) ["#ns_Z7_QB0003002GB790ASJIA2V910S7_\\:claimSection > .page-section > .sm-datatable > tbody > tr:nth-child(2) > td:nth-child(1) > a > .calbox > .calbox-day"]
    Fix any of the following:
      Element has insufficient color contrast of 2.72 (foreground color: #2288dd, background color: #ccddff, font size: 12.0pt, font weight: bold). Expected contrast ratio of 4.5:1


  u) ["#ns_Z7_QB0003002GB790ASJIA2V910S7_\\:claimSection > .page-section > .sm-datatable > tbody > tr:nth-child(3) > td:nth-child(1) > a > .calbox > .calbox-month"]
    Fix any of the following:
      Element has insufficient color contrast of 3.02 (foreground color: #ffffff, background color: #3399ee, font size: 8.3pt, font weight: bold). Expected contrast ratio of 4.5:1


  v) ["#ns_Z7_QB0003002GB790ASJIA2V910S7_\\:claimSection > .page-section > .sm-datatable > tbody > tr:nth-child(3) > td:nth-child(1) > a > .calbox > .calbox-month > span"]
    Fix any of the following:
      Element has insufficient color contrast of 3.02 (foreground color: #ffffff, background color: #3399ee, font size: 8.3pt, font weight: bold). Expected contrast ratio of 4.5:1


  w) ["#ns_Z7_QB0003002GB790ASJIA2V910S7_\\:claimSection > .page-section > .sm-datatable > tbody > tr:nth-child(3) > td:nth-child(1) > a > .calbox > .calbox-day"]
    Fix any of the following:
      Element has insufficient color contrast of 2.72 (foreground color: #2288dd, background color: #ccddff, font size: 12.0pt, font weight: bold). Expected contrast ratio of 4.5:1


  x) ["#ns_Z7_QB0003002GB790ASJIA2V910S7_\\:claimSection > .page-section > .sm-datatable > tbody > tr:nth-child(4) > td:nth-child(1) > a > .calbox > .calbox-month"]
    Fix any of the following:
      Element has insufficient color contrast of 3.02 (foreground color: #ffffff, background color: #3399ee, font size: 8.3pt, font weight: bold). Expected contrast ratio of 4.5:1


  y) ["#ns_Z7_QB0003002GB790ASJIA2V910S7_\\:claimSection > .page-section > .sm-datatable > tbody > tr:nth-child(4) > td:nth-child(1) > a > .calbox > .calbox-month > span"]
    Fix any of the following:
      Element has insufficient color contrast of 3.02 (foreground color: #ffffff, background color: #3399ee, font size: 8.3pt, font weight: bold). Expected contrast ratio of 4.5:1


  z) ["#ns_Z7_QB0003002GB790ASJIA2V910S7_\\:claimSection > .page-section > .sm-datatable > tbody > tr:nth-child(4) > td:nth-child(1) > a > .calbox > .calbox-day"]
    Fix any of the following:
      Element has insufficient color contrast of 2.72 (foreground color: #2288dd, background color: #ccddff, font size: 12.0pt, font weight: bold). Expected contrast ratio of 4.5:1


2) id attribute value must be unique: https://dequeuniversity.com/rules/axe/3.1/duplicate-id?application=axeAPI
  a) [".id-Z7_7P9A1HC0OGMD40Q4OKLNDN00Q5 > .ibmPortalControl.wpthemeControl.wpthemeHidden > .wpthemeControlHeader[role=\"banner\"] > .wpthemeInner > .contextMenuInSkinIcon.wpthemeIcon.wpthemeMenuFocus > .wpthemeMenu[data-positioning-handler=\"horizontallyCenteredBelow\"] > .wpthemeAnchorSubmenu.wpthemeTemplateSubmenu > .wpthemeMenuSubmenu.wpthemeMenuBorder > .wpthemeMenuDropDown[role=\"menu\"]"]
    Fix any of the following:
      Document has multiple static elements with the same id attribute


3) Headings must not be empty: https://dequeuniversity.com/rules/axe/3.1/empty-heading?application=axeAPI
  a) ["#Poster-Secure-1 > h2"]
    Fix any of the following:
      Element does not have text that is visible to screen readers


  b) ["#Poster-Secure-2 > h2"]
    Fix any of the following:
      Element does not have text that is visible to screen readers


  c) ["#Poster-Secure-3 > h2"]
    Fix any of the following:
      Element does not have text that is visible to screen readers


  d) ["#Poster-Secure-4 > h2"]
    Fix any of the following:
      Element does not have text that is visible to screen readers


4) Page must not have more than one banner landmark: https://dequeuniversity.com/rules/axe/3.1/landmark-no-duplicate-banner?application=axeAPI
  a) ["html"]
    Fix any of the following:
      Document has more than one banner landmark


5) Links must have discernible text: https://dequeuniversity.com/rules/axe/3.1/link-name?application=axeAPI
  a) ["#Poster-15dd8220-1c54-40ac-8a0b-e69e27ef10fd"]
    Fix all of the following:
      Element is in tab order and does not have accessible text

    Fix any of the following:
      Element does not have text that is visible to screen readers
      aria-label attribute does not exist or is empty
      aria-labelledby attribute does not exist, references elements that do not exist or references elements that are empty
      Element's default semantics were not overridden with role="presentation"
      Element's default semantics were not overridden with role="none"


6) <ul> and <ol> must only directly contain <li>, <script> or <template> elements: https://dequeuniversity.com/rules/axe/3.1/list?application=axeAPI
  a) ["nav > ul"]
    Fix all of the following:
      List element has direct children that are not allowed inside <li> elements


7) All page content must be contained by landmarks: https://dequeuniversity.com/rules/axe/3.1/region?application=axeAPI
  a) ["html"]
    Fix any of the following:
      Some page content is not contained by landmarks


at org.junit.Assert.fail(Assert.java:89)
at org.junit.Assert.assertTrue(Assert.java:42)
at com.perficient.accessibilitytest.AbstractServiceTest.accessibilityTest(AbstractServiceTest.java:47)
at com.perficient.accessibilitytest.stepdefinition.MyStepDefinitions.i_see_accessibility_report(MyStepDefinitions.java:38)
at ✽.I see accessibility report(file:///C:/Users/Sarkerm.rashid/IdeaProjects/accessibility-test/src/test/resources/features/demo-accessibility-testing.feature:11)
]]>
    </failure>
  </testcase> <!-- runScenario -->
</testsuite> <!-- Surefire test -->
