<?xml version="1.0" encoding="UTF-8"?>
<testng-results ignored="0" total="1" passed="0" failed="1" skipped="0">
  <reporter-output>
  </reporter-output>
  <suite started-at="2023-02-24T08:16:21 CST" name="Surefire suite" finished-at="2023-02-24T08:16:55 CST" duration-ms="33746">
    <groups>
      <group name="cucumber">
        <method signature="AbstractTestNGCucumberTests.runScenario(io.cucumber.testng.PickleWrapper,io.cucumber.testng.FeatureWrapper)[pri:0, instance:com.perficient.accessibilitytest.runnertest.RunnerTest@7393222f]" name="runScenario" class="io.cucumber.testng.AbstractTestNGCucumberTests"/>
      </group> <!-- cucumber -->
    </groups>
    <test started-at="2023-02-24T08:16:21 CST" name="Surefire test" finished-at="2023-02-24T08:16:55 CST" duration-ms="33746">
      <class name="com.perficient.accessibilitytest.runnertest.RunnerTest">
        <test-method is-config="true" signature="setUpClass(org.testng.ITestContext)[pri:0, instance:com.perficient.accessibilitytest.runnertest.RunnerTest@7393222f]" started-at="2023-02-24T08:16:21 CST" name="setUpClass" finished-at="2023-02-24T08:16:22 CST" duration-ms="222" status="PASS">
          <params>
            <param index="0">
              <value>
                <![CDATA[org.testng.TestRunner@d84b3a2]]>
              </value>
            </param>
          </params>
          <reporter-output>
          </reporter-output>
        </test-method> <!-- setUpClass -->
        <test-method signature="runScenario(io.cucumber.testng.PickleWrapper,io.cucumber.testng.FeatureWrapper)[pri:0, instance:com.perficient.accessibilitytest.runnertest.RunnerTest@7393222f]" started-at="2023-02-24T08:16:22 CST" name="runScenario" description="Runs Cucumber Scenarios" data-provider="scenarios" finished-at="2023-02-24T08:16:55 CST" duration-ms="33086" status="FAIL">
          <params>
            <param index="0">
              <value>
                <![CDATA["Accessibility report"]]>
              </value>
            </param>
            <param index="1">
              <value>
                <![CDATA["Demo Testing"]]>
              </value>
            </param>
          </params>
          <exception class="java.lang.AssertionError">
            <message>
              <![CDATA[Found 7 accessibility violations:
1) Elements must have sufficient color contrast: https://dequeuniversity.com/rules/axe/3.1/color-contrast?application=axeAPI
  a) ["#MainNavItem_0 > h2 > a"]
    Fix any of the following:
      Element has insufficient color contrast of 2.14 (foreground color: #ffffff, background color: #ff9900, font size: 13.5pt, font weight: normal). Expected contrast ratio of 4.5:1


  b) ["#ns_Z7_QB0003002GB790ASJIA2V910I0_\\:health_tab_link > a"]
    Fix any of the following:
      Element has insufficient color contrast of 3.02 (foreground color: #3399ee, background color: #ffffff, font size: 10.5pt, font weight: bold). Expected contrast ratio of 4.5:1


  c) ["#ns_Z7_QB0003002GB790ASJIA2V910I0_\\:dental_tab_link > a"]
    Fix any of the following:
      Element has insufficient color contrast of 2.23 (foreground color: #3399ee, background color: #dddddd, font size: 10.5pt, font weight: bold). Expected contrast ratio of 4.5:1


  d) ["#ns_Z7_QB0003002GB790ASJIA2V910I0_\\:health_tab_div > .familymember[href=\"#\"]:nth-child(2) > .access.no-access"]
    Fix any of the following:
      Element has insufficient color contrast of 3.99 (foreground color: #ff0000, background color: #ffffff, font size: 8.3pt, font weight: normal). Expected contrast ratio of 4.5:1


  e) ["#ns_Z7_QB0003002GB790ASJIA2V91026_healthTitle > .title"]
    Fix any of the following:
      Element has insufficient color contrast of 3.02 (foreground color: #3399ee, background color: #ffffff, font size: 10.5pt, font weight: bold). Expected contrast ratio of 4.5:1


  f) [".health_claims > .title"]
    Fix any of the following:
      Element has insufficient color contrast of 3.02 (foreground color: #3399ee, background color: #ffffff, font size: 10.5pt, font weight: bold). Expected contrast ratio of 4.5:1


  g) ["#ns_Z7_QB0003002GB790ASJIA2V910S5_\\:claimSection > .page-section > .sm-datatable > tbody > tr:nth-child(2) > td:nth-child(1) > a > .calbox > .calbox-month"]
    Fix any of the following:
      Element has insufficient color contrast of 3.02 (foreground color: #ffffff, background color: #3399ee, font size: 8.3pt, font weight: bold). Expected contrast ratio of 4.5:1


  h) ["#ns_Z7_QB0003002GB790ASJIA2V910S5_\\:claimSection > .page-section > .sm-datatable > tbody > tr:nth-child(2) > td:nth-child(1) > a > .calbox > .calbox-month > span"]
    Fix any of the following:
      Element has insufficient color contrast of 3.02 (foreground color: #ffffff, background color: #3399ee, font size: 8.3pt, font weight: bold). Expected contrast ratio of 4.5:1


  i) ["#ns_Z7_QB0003002GB790ASJIA2V910S5_\\:claimSection > .page-section > .sm-datatable > tbody > tr:nth-child(2) > td:nth-child(1) > a > .calbox > .calbox-day"]
    Fix any of the following:
      Element has insufficient color contrast of 2.72 (foreground color: #2288dd, background color: #ccddff, font size: 12.0pt, font weight: bold). Expected contrast ratio of 4.5:1


  j) ["#ns_Z7_QB0003002GB790ASJIA2V910S5_\\:claimSection > .page-section > .sm-datatable > tbody > tr:nth-child(3) > td:nth-child(1) > a > .calbox > .calbox-month"]
    Fix any of the following:
      Element has insufficient color contrast of 3.02 (foreground color: #ffffff, background color: #3399ee, font size: 8.3pt, font weight: bold). Expected contrast ratio of 4.5:1


  k) ["#ns_Z7_QB0003002GB790ASJIA2V910S5_\\:claimSection > .page-section > .sm-datatable > tbody > tr:nth-child(3) > td:nth-child(1) > a > .calbox > .calbox-month > span"]
    Fix any of the following:
      Element has insufficient color contrast of 3.02 (foreground color: #ffffff, background color: #3399ee, font size: 8.3pt, font weight: bold). Expected contrast ratio of 4.5:1


  l) ["#ns_Z7_QB0003002GB790ASJIA2V910S5_\\:claimSection > .page-section > .sm-datatable > tbody > tr:nth-child(3) > td:nth-child(1) > a > .calbox > .calbox-day"]
    Fix any of the following:
      Element has insufficient color contrast of 2.72 (foreground color: #2288dd, background color: #ccddff, font size: 12.0pt, font weight: bold). Expected contrast ratio of 4.5:1


  m) ["#ns_Z7_QB0003002GB790ASJIA2V910S5_\\:claimSection > .page-section > .sm-datatable > tbody > tr:nth-child(4) > td:nth-child(1) > a > .calbox > .calbox-month"]
    Fix any of the following:
      Element has insufficient color contrast of 3.02 (foreground color: #ffffff, background color: #3399ee, font size: 8.3pt, font weight: bold). Expected contrast ratio of 4.5:1


  n) ["#ns_Z7_QB0003002GB790ASJIA2V910S5_\\:claimSection > .page-section > .sm-datatable > tbody > tr:nth-child(4) > td:nth-child(1) > a > .calbox > .calbox-month > span"]
    Fix any of the following:
      Element has insufficient color contrast of 3.02 (foreground color: #ffffff, background color: #3399ee, font size: 8.3pt, font weight: bold). Expected contrast ratio of 4.5:1


  o) ["#ns_Z7_QB0003002GB790ASJIA2V910S5_\\:claimSection > .page-section > .sm-datatable > tbody > tr:nth-child(4) > td:nth-child(1) > a > .calbox > .calbox-day"]
    Fix any of the following:
      Element has insufficient color contrast of 2.72 (foreground color: #2288dd, background color: #ccddff, font size: 12.0pt, font weight: bold). Expected contrast ratio of 4.5:1


  p) ["#ns_Z7_QB0003002GB790ASJIA2V91025_dentalTitle > .title"]
    Fix any of the following:
      Element has insufficient color contrast of 3.02 (foreground color: #3399ee, background color: #ffffff, font size: 10.5pt, font weight: bold). Expected contrast ratio of 4.5:1


  q) [".dental_claims > .title"]
    Fix any of the following:
      Element has insufficient color contrast of 3.02 (foreground color: #3399ee, background color: #ffffff, font size: 10.5pt, font weight: bold). Expected contrast ratio of 4.5:1


  r) ["#ns_Z7_QB0003002GB790ASJIA2V910S7_\\:claimSection > .page-section > .sm-datatable > tbody > tr:nth-child(2) > td:nth-child(1) > a > .calbox > .calbox-month"]
    Fix any of the following:
      Element has insufficient color contrast of 3.02 (foreground color: #ffffff, background color: #3399ee, font size: 8.3pt, font weight: bold). Expected contrast ratio of 4.5:1


  s) ["#ns_Z7_QB0003002GB790ASJIA2V910S7_\\:claimSection > .page-section > .sm-datatable > tbody > tr:nth-child(2) > td:nth-child(1) > a > .calbox > .calbox-month > span"]
    Fix any of the following:
      Element has insufficient color contrast of 3.02 (foreground color: #ffffff, background color: #3399ee, font size: 8.3pt, font weight: bold). Expected contrast ratio of 4.5:1


  t) ["#ns_Z7_QB0003002GB790ASJIA2V910S7_\\:claimSection > .page-section > .sm-datatable > tbody > tr:nth-child(2) > td:nth-child(1) > a > .calbox > .calbox-day"]
    Fix any of the following:
      Element has insufficient color contrast of 2.72 (foreground color: #2288dd, background color: #ccddff, font size: 12.0pt, font weight: bold). Expected contrast ratio of 4.5:1


  u) ["#ns_Z7_QB0003002GB790ASJIA2V910S7_\\:claimSection > .page-section > .sm-datatable > tbody > tr:nth-child(3) > td:nth-child(1) > a > .calbox > .calbox-month"]
    Fix any of the following:
      Element has insufficient color contrast of 3.02 (foreground color: #ffffff, background color: #3399ee, font size: 8.3pt, font weight: bold). Expected contrast ratio of 4.5:1


  v) ["#ns_Z7_QB0003002GB790ASJIA2V910S7_\\:claimSection > .page-section > .sm-datatable > tbody > tr:nth-child(3) > td:nth-child(1) > a > .calbox > .calbox-month > span"]
    Fix any of the following:
      Element has insufficient color contrast of 3.02 (foreground color: #ffffff, background color: #3399ee, font size: 8.3pt, font weight: bold). Expected contrast ratio of 4.5:1


  w) ["#ns_Z7_QB0003002GB790ASJIA2V910S7_\\:claimSection > .page-section > .sm-datatable > tbody > tr:nth-child(3) > td:nth-child(1) > a > .calbox > .calbox-day"]
    Fix any of the following:
      Element has insufficient color contrast of 2.72 (foreground color: #2288dd, background color: #ccddff, font size: 12.0pt, font weight: bold). Expected contrast ratio of 4.5:1


  x) ["#ns_Z7_QB0003002GB790ASJIA2V910S7_\\:claimSection > .page-section > .sm-datatable > tbody > tr:nth-child(4) > td:nth-child(1) > a > .calbox > .calbox-month"]
    Fix any of the following:
      Element has insufficient color contrast of 3.02 (foreground color: #ffffff, background color: #3399ee, font size: 8.3pt, font weight: bold). Expected contrast ratio of 4.5:1


  y) ["#ns_Z7_QB0003002GB790ASJIA2V910S7_\\:claimSection > .page-section > .sm-datatable > tbody > tr:nth-child(4) > td:nth-child(1) > a > .calbox > .calbox-month > span"]
    Fix any of the following:
      Element has insufficient color contrast of 3.02 (foreground color: #ffffff, background color: #3399ee, font size: 8.3pt, font weight: bold). Expected contrast ratio of 4.5:1


  z) ["#ns_Z7_QB0003002GB790ASJIA2V910S7_\\:claimSection > .page-section > .sm-datatable > tbody > tr:nth-child(4) > td:nth-child(1) > a > .calbox > .calbox-day"]
    Fix any of the following:
      Element has insufficient color contrast of 2.72 (foreground color: #2288dd, background color: #ccddff, font size: 12.0pt, font weight: bold). Expected contrast ratio of 4.5:1


2) id attribute value must be unique: https://dequeuniversity.com/rules/axe/3.1/duplicate-id?application=axeAPI
  a) [".id-Z7_7P9A1HC0OGMD40Q4OKLNDN00Q5 > .ibmPortalControl.wpthemeControl.wpthemeHidden > .wpthemeControlHeader[role=\"banner\"] > .wpthemeInner > .contextMenuInSkinIcon.wpthemeIcon.wpthemeMenuFocus > .wpthemeMenu[data-positioning-handler=\"horizontallyCenteredBelow\"] > .wpthemeAnchorSubmenu.wpthemeTemplateSubmenu > .wpthemeMenuSubmenu.wpthemeMenuBorder > .wpthemeMenuDropDown[role=\"menu\"]"]
    Fix any of the following:
      Document has multiple static elements with the same id attribute


3) Headings must not be empty: https://dequeuniversity.com/rules/axe/3.1/empty-heading?application=axeAPI
  a) ["#Poster-Secure-1 > h2"]
    Fix any of the following:
      Element does not have text that is visible to screen readers


  b) ["#Poster-Secure-2 > h2"]
    Fix any of the following:
      Element does not have text that is visible to screen readers


  c) ["#Poster-Secure-3 > h2"]
    Fix any of the following:
      Element does not have text that is visible to screen readers


  d) ["#Poster-Secure-4 > h2"]
    Fix any of the following:
      Element does not have text that is visible to screen readers


4) Page must not have more than one banner landmark: https://dequeuniversity.com/rules/axe/3.1/landmark-no-duplicate-banner?application=axeAPI
  a) ["html"]
    Fix any of the following:
      Document has more than one banner landmark


5) Links must have discernible text: https://dequeuniversity.com/rules/axe/3.1/link-name?application=axeAPI
  a) ["#Poster-15dd8220-1c54-40ac-8a0b-e69e27ef10fd"]
    Fix all of the following:
      Element is in tab order and does not have accessible text

    Fix any of the following:
      Element does not have text that is visible to screen readers
      aria-label attribute does not exist or is empty
      aria-labelledby attribute does not exist, references elements that do not exist or references elements that are empty
      Element's default semantics were not overridden with role="presentation"
      Element's default semantics were not overridden with role="none"


6) <ul> and <ol> must only directly contain <li>, <script> or <template> elements: https://dequeuniversity.com/rules/axe/3.1/list?application=axeAPI
  a) ["nav > ul"]
    Fix all of the following:
      List element has direct children that are not allowed inside <li> elements


7) All page content must be contained by landmarks: https://dequeuniversity.com/rules/axe/3.1/region?application=axeAPI
  a) ["html"]
    Fix any of the following:
      Some page content is not contained by landmarks

]]>
            </message>
            <full-stacktrace>
              <![CDATA[java.lang.AssertionError: Found 7 accessibility violations:
1) Elements must have sufficient color contrast: https://dequeuniversity.com/rules/axe/3.1/color-contrast?application=axeAPI
  a) ["#MainNavItem_0 > h2 > a"]
    Fix any of the following:
      Element has insufficient color contrast of 2.14 (foreground color: #ffffff, background color: #ff9900, font size: 13.5pt, font weight: normal). Expected contrast ratio of 4.5:1


  b) ["#ns_Z7_QB0003002GB790ASJIA2V910I0_\\:health_tab_link > a"]
    Fix any of the following:
      Element has insufficient color contrast of 3.02 (foreground color: #3399ee, background color: #ffffff, font size: 10.5pt, font weight: bold). Expected contrast ratio of 4.5:1


  c) ["#ns_Z7_QB0003002GB790ASJIA2V910I0_\\:dental_tab_link > a"]
    Fix any of the following:
      Element has insufficient color contrast of 2.23 (foreground color: #3399ee, background color: #dddddd, font size: 10.5pt, font weight: bold). Expected contrast ratio of 4.5:1


  d) ["#ns_Z7_QB0003002GB790ASJIA2V910I0_\\:health_tab_div > .familymember[href=\"#\"]:nth-child(2) > .access.no-access"]
    Fix any of the following:
      Element has insufficient color contrast of 3.99 (foreground color: #ff0000, background color: #ffffff, font size: 8.3pt, font weight: normal). Expected contrast ratio of 4.5:1


  e) ["#ns_Z7_QB0003002GB790ASJIA2V91026_healthTitle > .title"]
    Fix any of the following:
      Element has insufficient color contrast of 3.02 (foreground color: #3399ee, background color: #ffffff, font size: 10.5pt, font weight: bold). Expected contrast ratio of 4.5:1


  f) [".health_claims > .title"]
    Fix any of the following:
      Element has insufficient color contrast of 3.02 (foreground color: #3399ee, background color: #ffffff, font size: 10.5pt, font weight: bold). Expected contrast ratio of 4.5:1


  g) ["#ns_Z7_QB0003002GB790ASJIA2V910S5_\\:claimSection > .page-section > .sm-datatable > tbody > tr:nth-child(2) > td:nth-child(1) > a > .calbox > .calbox-month"]
    Fix any of the following:
      Element has insufficient color contrast of 3.02 (foreground color: #ffffff, background color: #3399ee, font size: 8.3pt, font weight: bold). Expected contrast ratio of 4.5:1


  h) ["#ns_Z7_QB0003002GB790ASJIA2V910S5_\\:claimSection > .page-section > .sm-datatable > tbody > tr:nth-child(2) > td:nth-child(1) > a > .calbox > .calbox-month > span"]
    Fix any of the following:
      Element has insufficient color contrast of 3.02 (foreground color: #ffffff, background color: #3399ee, font size: 8.3pt, font weight: bold). Expected contrast ratio of 4.5:1


  i) ["#ns_Z7_QB0003002GB790ASJIA2V910S5_\\:claimSection > .page-section > .sm-datatable > tbody > tr:nth-child(2) > td:nth-child(1) > a > .calbox > .calbox-day"]
    Fix any of the following:
      Element has insufficient color contrast of 2.72 (foreground color: #2288dd, background color: #ccddff, font size: 12.0pt, font weight: bold). Expected contrast ratio of 4.5:1


  j) ["#ns_Z7_QB0003002GB790ASJIA2V910S5_\\:claimSection > .page-section > .sm-datatable > tbody > tr:nth-child(3) > td:nth-child(1) > a > .calbox > .calbox-month"]
    Fix any of the following:
      Element has insufficient color contrast of 3.02 (foreground color: #ffffff, background color: #3399ee, font size: 8.3pt, font weight: bold). Expected contrast ratio of 4.5:1


  k) ["#ns_Z7_QB0003002GB790ASJIA2V910S5_\\:claimSection > .page-section > .sm-datatable > tbody > tr:nth-child(3) > td:nth-child(1) > a > .calbox > .calbox-month > span"]
    Fix any of the following:
      Element has insufficient color contrast of 3.02 (foreground color: #ffffff, background color: #3399ee, font size: 8.3pt, font weight: bold). Expected contrast ratio of 4.5:1


  l) ["#ns_Z7_QB0003002GB790ASJIA2V910S5_\\:claimSection > .page-section > .sm-datatable > tbody > tr:nth-child(3) > td:nth-child(1) > a > .calbox > .calbox-day"]
    Fix any of the following:
      Element has insufficient color contrast of 2.72 (foreground color: #2288dd, background color: #ccddff, font size: 12.0pt, font weight: bold). Expected contrast ratio of 4.5:1


  m) ["#ns_Z7_QB0003002GB790ASJIA2V910S5_\\:claimSection > .page-section > .sm-datatable > tbody > tr:nth-child(4) > td:nth-child(1) > a > .calbox > .calbox-month"]
    Fix any of the following:
      Element has insufficient color contrast of 3.02 (foreground color: #ffffff, background color: #3399ee, font size: 8.3pt, font weight: bold). Expected contrast ratio of 4.5:1


  n) ["#ns_Z7_QB0003002GB790ASJIA2V910S5_\\:claimSection > .page-section > .sm-datatable > tbody > tr:nth-child(4) > td:nth-child(1) > a > .calbox > .calbox-month > span"]
    Fix any of the following:
      Element has insufficient color contrast of 3.02 (foreground color: #ffffff, background color: #3399ee, font size: 8.3pt, font weight: bold). Expected contrast ratio of 4.5:1


  o) ["#ns_Z7_QB0003002GB790ASJIA2V910S5_\\:claimSection > .page-section > .sm-datatable > tbody > tr:nth-child(4) > td:nth-child(1) > a > .calbox > .calbox-day"]
    Fix any of the following:
      Element has insufficient color contrast of 2.72 (foreground color: #2288dd, background color: #ccddff, font size: 12.0pt, font weight: bold). Expected contrast ratio of 4.5:1


  p) ["#ns_Z7_QB0003002GB790ASJIA2V91025_dentalTitle > .title"]
    Fix any of the following:
      Element has insufficient color contrast of 3.02 (foreground color: #3399ee, background color: #ffffff, font size: 10.5pt, font weight: bold). Expected contrast ratio of 4.5:1


  q) [".dental_claims > .title"]
    Fix any of the following:
      Element has insufficient color contrast of 3.02 (foreground color: #3399ee, background color: #ffffff, font size: 10.5pt, font weight: bold). Expected contrast ratio of 4.5:1


  r) ["#ns_Z7_QB0003002GB790ASJIA2V910S7_\\:claimSection > .page-section > .sm-datatable > tbody > tr:nth-child(2) > td:nth-child(1) > a > .calbox > .calbox-month"]
    Fix any of the following:
      Element has insufficient color contrast of 3.02 (foreground color: #ffffff, background color: #3399ee, font size: 8.3pt, font weight: bold). Expected contrast ratio of 4.5:1


  s) ["#ns_Z7_QB0003002GB790ASJIA2V910S7_\\:claimSection > .page-section > .sm-datatable > tbody > tr:nth-child(2) > td:nth-child(1) > a > .calbox > .calbox-month > span"]
    Fix any of the following:
      Element has insufficient color contrast of 3.02 (foreground color: #ffffff, background color: #3399ee, font size: 8.3pt, font weight: bold). Expected contrast ratio of 4.5:1


  t) ["#ns_Z7_QB0003002GB790ASJIA2V910S7_\\:claimSection > .page-section > .sm-datatable > tbody > tr:nth-child(2) > td:nth-child(1) > a > .calbox > .calbox-day"]
    Fix any of the following:
      Element has insufficient color contrast of 2.72 (foreground color: #2288dd, background color: #ccddff, font size: 12.0pt, font weight: bold). Expected contrast ratio of 4.5:1


  u) ["#ns_Z7_QB0003002GB790ASJIA2V910S7_\\:claimSection > .page-section > .sm-datatable > tbody > tr:nth-child(3) > td:nth-child(1) > a > .calbox > .calbox-month"]
    Fix any of the following:
      Element has insufficient color contrast of 3.02 (foreground color: #ffffff, background color: #3399ee, font size: 8.3pt, font weight: bold). Expected contrast ratio of 4.5:1


  v) ["#ns_Z7_QB0003002GB790ASJIA2V910S7_\\:claimSection > .page-section > .sm-datatable > tbody > tr:nth-child(3) > td:nth-child(1) > a > .calbox > .calbox-month > span"]
    Fix any of the following:
      Element has insufficient color contrast of 3.02 (foreground color: #ffffff, background color: #3399ee, font size: 8.3pt, font weight: bold). Expected contrast ratio of 4.5:1


  w) ["#ns_Z7_QB0003002GB790ASJIA2V910S7_\\:claimSection > .page-section > .sm-datatable > tbody > tr:nth-child(3) > td:nth-child(1) > a > .calbox > .calbox-day"]
    Fix any of the following:
      Element has insufficient color contrast of 2.72 (foreground color: #2288dd, background color: #ccddff, font size: 12.0pt, font weight: bold). Expected contrast ratio of 4.5:1


  x) ["#ns_Z7_QB0003002GB790ASJIA2V910S7_\\:claimSection > .page-section > .sm-datatable > tbody > tr:nth-child(4) > td:nth-child(1) > a > .calbox > .calbox-month"]
    Fix any of the following:
      Element has insufficient color contrast of 3.02 (foreground color: #ffffff, background color: #3399ee, font size: 8.3pt, font weight: bold). Expected contrast ratio of 4.5:1


  y) ["#ns_Z7_QB0003002GB790ASJIA2V910S7_\\:claimSection > .page-section > .sm-datatable > tbody > tr:nth-child(4) > td:nth-child(1) > a > .calbox > .calbox-month > span"]
    Fix any of the following:
      Element has insufficient color contrast of 3.02 (foreground color: #ffffff, background color: #3399ee, font size: 8.3pt, font weight: bold). Expected contrast ratio of 4.5:1


  z) ["#ns_Z7_QB0003002GB790ASJIA2V910S7_\\:claimSection > .page-section > .sm-datatable > tbody > tr:nth-child(4) > td:nth-child(1) > a > .calbox > .calbox-day"]
    Fix any of the following:
      Element has insufficient color contrast of 2.72 (foreground color: #2288dd, background color: #ccddff, font size: 12.0pt, font weight: bold). Expected contrast ratio of 4.5:1


2) id attribute value must be unique: https://dequeuniversity.com/rules/axe/3.1/duplicate-id?application=axeAPI
  a) [".id-Z7_7P9A1HC0OGMD40Q4OKLNDN00Q5 > .ibmPortalControl.wpthemeControl.wpthemeHidden > .wpthemeControlHeader[role=\"banner\"] > .wpthemeInner > .contextMenuInSkinIcon.wpthemeIcon.wpthemeMenuFocus > .wpthemeMenu[data-positioning-handler=\"horizontallyCenteredBelow\"] > .wpthemeAnchorSubmenu.wpthemeTemplateSubmenu > .wpthemeMenuSubmenu.wpthemeMenuBorder > .wpthemeMenuDropDown[role=\"menu\"]"]
    Fix any of the following:
      Document has multiple static elements with the same id attribute


3) Headings must not be empty: https://dequeuniversity.com/rules/axe/3.1/empty-heading?application=axeAPI
  a) ["#Poster-Secure-1 > h2"]
    Fix any of the following:
      Element does not have text that is visible to screen readers


  b) ["#Poster-Secure-2 > h2"]
    Fix any of the following:
      Element does not have text that is visible to screen readers


  c) ["#Poster-Secure-3 > h2"]
    Fix any of the following:
      Element does not have text that is visible to screen readers


  d) ["#Poster-Secure-4 > h2"]
    Fix any of the following:
      Element does not have text that is visible to screen readers


4) Page must not have more than one banner landmark: https://dequeuniversity.com/rules/axe/3.1/landmark-no-duplicate-banner?application=axeAPI
  a) ["html"]
    Fix any of the following:
      Document has more than one banner landmark


5) Links must have discernible text: https://dequeuniversity.com/rules/axe/3.1/link-name?application=axeAPI
  a) ["#Poster-15dd8220-1c54-40ac-8a0b-e69e27ef10fd"]
    Fix all of the following:
      Element is in tab order and does not have accessible text

    Fix any of the following:
      Element does not have text that is visible to screen readers
      aria-label attribute does not exist or is empty
      aria-labelledby attribute does not exist, references elements that do not exist or references elements that are empty
      Element's default semantics were not overridden with role="presentation"
      Element's default semantics were not overridden with role="none"


6) <ul> and <ol> must only directly contain <li>, <script> or <template> elements: https://dequeuniversity.com/rules/axe/3.1/list?application=axeAPI
  a) ["nav > ul"]
    Fix all of the following:
      List element has direct children that are not allowed inside <li> elements


7) All page content must be contained by landmarks: https://dequeuniversity.com/rules/axe/3.1/region?application=axeAPI
  a) ["html"]
    Fix any of the following:
      Some page content is not contained by landmarks


at org.junit.Assert.fail(Assert.java:89)
at org.junit.Assert.assertTrue(Assert.java:42)
at com.perficient.accessibilitytest.AbstractServiceTest.accessibilityTest(AbstractServiceTest.java:47)
at com.perficient.accessibilitytest.stepdefinition.MyStepDefinitions.i_see_accessibility_report(MyStepDefinitions.java:38)
at ✽.I see accessibility report(file:///C:/Users/Sarkerm.rashid/IdeaProjects/accessibility-test/src/test/resources/features/demo-accessibility-testing.feature:11)
]]>
            </full-stacktrace>
          </exception> <!-- java.lang.AssertionError -->
          <reporter-output>
          </reporter-output>
        </test-method> <!-- runScenario -->
        <test-method is-config="true" signature="tearDownClass()[pri:0, instance:com.perficient.accessibilitytest.runnertest.RunnerTest@7393222f]" started-at="2023-02-24T08:16:55 CST" name="tearDownClass" finished-at="2023-02-24T08:16:55 CST" duration-ms="287" status="PASS">
          <reporter-output>
          </reporter-output>
        </test-method> <!-- tearDownClass -->
      </class> <!-- com.perficient.accessibilitytest.runnertest.RunnerTest -->
    </test> <!-- Surefire test -->
  </suite> <!-- Surefire suite -->
</testng-results>
