<?xml version="1.0" encoding="UTF-8"?>
<testsuite xmlns:xsi="http://www.w3.org/2001/XMLSchema-instance" xsi:noNamespaceSchemaLocation="https://maven.apache.org/surefire/maven-surefire-plugin/xsd/surefire-test-report-3.0.xsd" version="3.0" name="TestSuite" time="29.576" tests="1" errors="0" skipped="0" failures="1">
  <properties>
[...]
</properties>
  <testcase name="runScenario[&quot;Accessibility report&quot;, &quot;Demo Testing&quot;](1)" classname="com.perficient.accessibilitytest.runnertest.RunnerTest" time="27.735">
    <failure message="Found 7 accessibility violations:&#10;1) Elements must have sufficient color contrast: https://dequeuniversity.com/rules/axe/3.1/color-contrast?application=axeAPI&#10;  a) [&quot;#MainNavItem_0 &gt; h2 &gt; a&quot;]&#10;    Fix any of the following:&#10;      Element has insufficient color contrast of 2.14 (foreground color: #ffffff, background color: #ff9900, font size: 13.5pt, font weight: normal). Expected contrast ratio of 4.5:1&#10;&#10;&#10;  b) [&quot;#ns_Z7_QB0003002GB790ASJIA2V910I0_\\:health_tab_link &gt; a&quot;]&#10;    Fix any of the following:&#10;      Element has insufficient color contrast of 3.02 (foreground color: #3399ee, background color: #ffffff, font size: 10.5pt, font weight: bold). Expected contrast ratio of 4.5:1&#10;&#10;&#10;  c) [&quot;#ns_Z7_QB0003002GB790ASJIA2V910I0_\\:dental_tab_link &gt; a&quot;]&#10;    Fix any of the following:&#10;      Element has insufficient color contrast of 2.23 (foreground color: #3399ee, background color: #dddddd, font size: 10.5pt, font weight: bold). Expected contrast ratio of 4.5:1&#10;&#10;&#10;  d) [&quot;#ns_Z7_QB0003002GB790ASJIA2V910I0_\\:health_tab_div &gt; .familymember[href=\&quot;#\&quot;]:nth-child(2) &gt; .access.no-access&quot;]&#10;    Fix any of the following:&#10;      Element has insufficient color contrast of 3.99 (foreground color: #ff0000, background color: #ffffff, font size: 8.3pt, font weight: normal). Expected contrast ratio of 4.5:1&#10;&#10;&#10;  e) [&quot;#ns_Z7_QB0003002GB790ASJIA2V91026_healthTitle &gt; .title&quot;]&#10;    Fix any of the following:&#10;      Element has insufficient color contrast of 3.02 (foreground color: #3399ee, background color: #ffffff, font size: 10.5pt, font weight: bold). Expected contrast ratio of 4.5:1&#10;&#10;&#10;  f) [&quot;.health_claims &gt; .title&quot;]&#10;    Fix any of the following:&#10;      Element has insufficient color contrast of 3.02 (foreground color: #3399ee, background color: #ffffff, font size: 10.5pt, font weight: bold). Expected contrast ratio of 4.5:1&#10;&#10;&#10;  g) [&quot;#ns_Z7_QB0003002GB790ASJIA2V910S5_\\:claimSection &gt; .page-section &gt; .sm-datatable &gt; tbody &gt; tr:nth-child(2) &gt; td:nth-child(1) &gt; a &gt; .calbox &gt; .calbox-month&quot;]&#10;    Fix any of the following:&#10;      Element has insufficient color contrast of 3.02 (foreground color: #ffffff, background color: #3399ee, font size: 8.3pt, font weight: bold). Expected contrast ratio of 4.5:1&#10;&#10;&#10;  h) [&quot;#ns_Z7_QB0003002GB790ASJIA2V910S5_\\:claimSection &gt; .page-section &gt; .sm-datatable &gt; tbody &gt; tr:nth-child(2) &gt; td:nth-child(1) &gt; a &gt; .calbox &gt; .calbox-month &gt; span&quot;]&#10;    Fix any of the following:&#10;      Element has insufficient color contrast of 3.02 (foreground color: #ffffff, background color: #3399ee, font size: 8.3pt, font weight: bold). Expected contrast ratio of 4.5:1&#10;&#10;&#10;  i) [&quot;#ns_Z7_QB0003002GB790ASJIA2V910S5_\\:claimSection &gt; .page-section &gt; .sm-datatable &gt; tbody &gt; tr:nth-child(2) &gt; td:nth-child(1) &gt; a &gt; .calbox &gt; .calbox-day&quot;]&#10;    Fix any of the following:&#10;      Element has insufficient color contrast of 2.72 (foreground color: #2288dd, background color: #ccddff, font size: 12.0pt, font weight: bold). Expected contrast ratio of 4.5:1&#10;&#10;&#10;  j) [&quot;#ns_Z7_QB0003002GB790ASJIA2V910S5_\\:claimSection &gt; .page-section &gt; .sm-datatable &gt; tbody &gt; tr:nth-child(3) &gt; td:nth-child(1) &gt; a &gt; .calbox &gt; .calbox-month&quot;]&#10;    Fix any of the following:&#10;      Element has insufficient color contrast of 3.02 (foreground color: #ffffff, background color: #3399ee, font size: 8.3pt, font weight: bold). Expected contrast ratio of 4.5:1&#10;&#10;&#10;  k) [&quot;#ns_Z7_QB0003002GB790ASJIA2V910S5_\\:claimSection &gt; .page-section &gt; .sm-datatable &gt; tbody &gt; tr:nth-child(3) &gt; td:nth-child(1) &gt; a &gt; .calbox &gt; .calbox-month &gt; span&quot;]&#10;    Fix any of the following:&#10;      Element has insufficient color contrast of 3.02 (foreground color: #ffffff, background color: #3399ee, font size: 8.3pt, font weight: bold). Expected contrast ratio of 4.5:1&#10;&#10;&#10;  l) [&quot;#ns_Z7_QB0003002GB790ASJIA2V910S5_\\:claimSection &gt; .page-section &gt; .sm-datatable &gt; tbody &gt; tr:nth-child(3) &gt; td:nth-child(1) &gt; a &gt; .calbox &gt; .calbox-day&quot;]&#10;    Fix any of the following:&#10;      Element has insufficient color contrast of 2.72 (foreground color: #2288dd, background color: #ccddff, font size: 12.0pt, font weight: bold). Expected contrast ratio of 4.5:1&#10;&#10;&#10;  m) [&quot;#ns_Z7_QB0003002GB790ASJIA2V910S5_\\:claimSection &gt; .page-section &gt; .sm-datatable &gt; tbody &gt; tr:nth-child(4) &gt; td:nth-child(1) &gt; a &gt; .calbox &gt; .calbox-month&quot;]&#10;    Fix any of the following:&#10;      Element has insufficient color contrast of 3.02 (foreground color: #ffffff, background color: #3399ee, font size: 8.3pt, font weight: bold). Expected contrast ratio of 4.5:1&#10;&#10;&#10;  n) [&quot;#ns_Z7_QB0003002GB790ASJIA2V910S5_\\:claimSection &gt; .page-section &gt; .sm-datatable &gt; tbody &gt; tr:nth-child(4) &gt; td:nth-child(1) &gt; a &gt; .calbox &gt; .calbox-month &gt; span&quot;]&#10;    Fix any of the following:&#10;      Element has insufficient color contrast of 3.02 (foreground color: #ffffff, background color: #3399ee, font size: 8.3pt, font weight: bold). Expected contrast ratio of 4.5:1&#10;&#10;&#10;  o) [&quot;#ns_Z7_QB0003002GB790ASJIA2V910S5_\\:claimSection &gt; .page-section &gt; .sm-datatable &gt; tbody &gt; tr:nth-child(4) &gt; td:nth-child(1) &gt; a &gt; .calbox &gt; .calbox-day&quot;]&#10;    Fix any of the following:&#10;      Element has insufficient color contrast of 2.72 (foreground color: #2288dd, background color: #ccddff, font size: 12.0pt, font weight: bold). Expected contrast ratio of 4.5:1&#10;&#10;&#10;  p) [&quot;.dental_claims &gt; .title&quot;]&#10;    Fix any of the following:&#10;      Element has insufficient color contrast of 3.02 (foreground color: #3399ee, background color: #ffffff, font size: 10.5pt, font weight: bold). Expected contrast ratio of 4.5:1&#10;&#10;&#10;  q) [&quot;#ns_Z7_QB0003002GB790ASJIA2V910S7_\\:claimSection &gt; .page-section &gt; .sm-datatable &gt; tbody &gt; tr:nth-child(2) &gt; td:nth-child(1) &gt; a &gt; .calbox &gt; .calbox-month&quot;]&#10;    Fix any of the following:&#10;      Element has insufficient color contrast of 3.02 (foreground color: #ffffff, background color: #3399ee, font size: 8.3pt, font weight: bold). Expected contrast ratio of 4.5:1&#10;&#10;&#10;  r) [&quot;#ns_Z7_QB0003002GB790ASJIA2V910S7_\\:claimSection &gt; .page-section &gt; .sm-datatable &gt; tbody &gt; tr:nth-child(2) &gt; td:nth-child(1) &gt; a &gt; .calbox &gt; .calbox-month &gt; span&quot;]&#10;    Fix any of the following:&#10;      Element has insufficient color contrast of 3.02 (foreground color: #ffffff, background color: #3399ee, font size: 8.3pt, font weight: bold). Expected contrast ratio of 4.5:1&#10;&#10;&#10;  s) [&quot;#ns_Z7_QB0003002GB790ASJIA2V910S7_\\:claimSection &gt; .page-section &gt; .sm-datatable &gt; tbody &gt; tr:nth-child(2) &gt; td:nth-child(1) &gt; a &gt; .calbox &gt; .calbox-day&quot;]&#10;    Fix any of the following:&#10;      Element has insufficient color contrast of 2.72 (foreground color: #2288dd, background color: #ccddff, font size: 12.0pt, font weight: bold). Expected contrast ratio of 4.5:1&#10;&#10;&#10;  t) [&quot;#ns_Z7_QB0003002GB790ASJIA2V910S7_\\:claimSection &gt; .page-section &gt; .sm-datatable &gt; tbody &gt; tr:nth-child(3) &gt; td:nth-child(1) &gt; a &gt; .calbox &gt; .calbox-month&quot;]&#10;    Fix any of the following:&#10;      Element has insufficient color contrast of 3.02 (foreground color: #ffffff, background color: #3399ee, font size: 8.3pt, font weight: bold). Expected contrast ratio of 4.5:1&#10;&#10;&#10;  u) [&quot;#ns_Z7_QB0003002GB790ASJIA2V910S7_\\:claimSection &gt; .page-section &gt; .sm-datatable &gt; tbody &gt; tr:nth-child(3) &gt; td:nth-child(1) &gt; a &gt; .calbox &gt; .calbox-month &gt; span&quot;]&#10;    Fix any of the following:&#10;      Element has insufficient color contrast of 3.02 (foreground color: #ffffff, background color: #3399ee, font size: 8.3pt, font weight: bold). Expected contrast ratio of 4.5:1&#10;&#10;&#10;  v) [&quot;#ns_Z7_QB0003002GB790ASJIA2V910S7_\\:claimSection &gt; .page-section &gt; .sm-datatable &gt; tbody &gt; tr:nth-child(3) &gt; td:nth-child(1) &gt; a &gt; .calbox &gt; .calbox-day&quot;]&#10;    Fix any of the following:&#10;      Element has insufficient color contrast of 2.72 (foreground color: #2288dd, background color: #ccddff, font size: 12.0pt, font weight: bold). Expected contrast ratio of 4.5:1&#10;&#10;&#10;  w) [&quot;#ns_Z7_QB0003002GB790ASJIA2V910S7_\\:claimSection &gt; .page-section &gt; .sm-datatable &gt; tbody &gt; tr:nth-child(4) &gt; td:nth-child(1) &gt; a &gt; .calbox &gt; .calbox-month&quot;]&#10;    Fix any of the following:&#10;      Element has insufficient color contrast of 3.02 (foreground color: #ffffff, background color: #3399ee, font size: 8.3pt, font weight: bold). Expected contrast ratio of 4.5:1&#10;&#10;&#10;  x) [&quot;#ns_Z7_QB0003002GB790ASJIA2V910S7_\\:claimSection &gt; .page-section &gt; .sm-datatable &gt; tbody &gt; tr:nth-child(4) &gt; td:nth-child(1) &gt; a &gt; .calbox &gt; .calbox-month &gt; span&quot;]&#10;    Fix any of the following:&#10;      Element has insufficient color contrast of 3.02 (foreground color: #ffffff, background color: #3399ee, font size: 8.3pt, font weight: bold). Expected contrast ratio of 4.5:1&#10;&#10;&#10;  y) [&quot;#ns_Z7_QB0003002GB790ASJIA2V910S7_\\:claimSection &gt; .page-section &gt; .sm-datatable &gt; tbody &gt; tr:nth-child(4) &gt; td:nth-child(1) &gt; a &gt; .calbox &gt; .calbox-day&quot;]&#10;    Fix any of the following:&#10;      Element has insufficient color contrast of 2.72 (foreground color: #2288dd, background color: #ccddff, font size: 12.0pt, font weight: bold). Expected contrast ratio of 4.5:1&#10;&#10;&#10;2) id attribute value must be unique: https://dequeuniversity.com/rules/axe/3.1/duplicate-id?application=axeAPI&#10;  a) [&quot;.id-Z7_7P9A1HC0OGMD40Q4OKLNDN00Q5 &gt; .ibmPortalControl.wpthemeControl.wpthemeHidden &gt; .wpthemeControlHeader[role=\&quot;banner\&quot;] &gt; .wpthemeInner &gt; .contextMenuInSkinIcon.wpthemeIcon.wpthemeMenuFocus &gt; .wpthemeMenu[data-positioning-handler=\&quot;horizontallyCenteredBelow\&quot;] &gt; .wpthemeAnchorSubmenu.wpthemeTemplateSubmenu &gt; .wpthemeMenuSubmenu.wpthemeMenuBorder &gt; .wpthemeMenuDropDown[role=\&quot;menu\&quot;]&quot;]&#10;    Fix any of the following:&#10;      Document has multiple static elements with the same id attribute&#10;&#10;&#10;3) Headings must not be empty: https://dequeuniversity.com/rules/axe/3.1/empty-heading?application=axeAPI&#10;  a) [&quot;#Poster-Secure-1 &gt; h2&quot;]&#10;    Fix any of the following:&#10;      Element does not have text that is visible to screen readers&#10;&#10;&#10;  b) [&quot;#Poster-Secure-2 &gt; h2&quot;]&#10;    Fix any of the following:&#10;      Element does not have text that is visible to screen readers&#10;&#10;&#10;  c) [&quot;#Poster-Secure-3 &gt; h2&quot;]&#10;    Fix any of the following:&#10;      Element does not have text that is visible to screen readers&#10;&#10;&#10;  d) [&quot;#Poster-Secure-4 &gt; h2&quot;]&#10;    Fix any of the following:&#10;      Element does not have text that is visible to screen readers&#10;&#10;&#10;4) Page must not have more than one banner landmark: https://dequeuniversity.com/rules/axe/3.1/landmark-no-duplicate-banner?application=axeAPI&#10;  a) [&quot;html&quot;]&#10;    Fix any of the following:&#10;      Document has more than one banner landmark&#10;&#10;&#10;5) Links must have discernible text: https://dequeuniversity.com/rules/axe/3.1/link-name?application=axeAPI&#10;  a) [&quot;#Poster-15dd8220-1c54-40ac-8a0b-e69e27ef10fd&quot;]&#10;    Fix all of the following:&#10;      Element is in tab order and does not have accessible text&#10;&#10;    Fix any of the following:&#10;      Element does not have text that is visible to screen readers&#10;      aria-label attribute does not exist or is empty&#10;      aria-labelledby attribute does not exist, references elements that do not exist or references elements that are empty&#10;      Element&apos;s default semantics were not overridden with role=&quot;presentation&quot;&#10;      Element&apos;s default semantics were not overridden with role=&quot;none&quot;&#10;&#10;&#10;6) &lt;ul&gt; and &lt;ol&gt; must only directly contain &lt;li&gt;, &lt;script&gt; or &lt;template&gt; elements: https://dequeuniversity.com/rules/axe/3.1/list?application=axeAPI&#10;  a) [&quot;nav &gt; ul&quot;]&#10;    Fix all of the following:&#10;      List element has direct children that are not allowed inside &lt;li&gt; elements&#10;&#10;&#10;7) All page content must be contained by landmarks: https://dequeuniversity.com/rules/axe/3.1/region?application=axeAPI&#10;  a) [&quot;html&quot;]&#10;    Fix any of the following:&#10;      Some page content is not contained by landmarks&#10;&#10;" type="java.lang.AssertionError"><![CDATA[java.lang.AssertionError: 
Found 7 accessibility violations:
1) Elements must have sufficient color contrast: https://dequeuniversity.com/rules/axe/3.1/color-contrast?application=axeAPI
  a) ["#MainNavItem_0 > h2 > a"]
    Fix any of the following:
      Element has insufficient color contrast of 2.14 (foreground color: #ffffff, background color: #ff9900, font size: 13.5pt, font weight: normal). Expected contrast ratio of 4.5:1


  b) ["#ns_Z7_QB0003002GB790ASJIA2V910I0_\\:health_tab_link > a"]
    Fix any of the following:
      Element has insufficient color contrast of 3.02 (foreground color: #3399ee, background color: #ffffff, font size: 10.5pt, font weight: bold). Expected contrast ratio of 4.5:1


  c) ["#ns_Z7_QB0003002GB790ASJIA2V910I0_\\:dental_tab_link > a"]
    Fix any of the following:
      Element has insufficient color contrast of 2.23 (foreground color: #3399ee, background color: #dddddd, font size: 10.5pt, font weight: bold). Expected contrast ratio of 4.5:1


  d) ["#ns_Z7_QB0003002GB790ASJIA2V910I0_\\:health_tab_div > .familymember[href=\"#\"]:nth-child(2) > .access.no-access"]
    Fix any of the following:
      Element has insufficient color contrast of 3.99 (foreground color: #ff0000, background color: #ffffff, font size: 8.3pt, font weight: normal). Expected contrast ratio of 4.5:1


  e) ["#ns_Z7_QB0003002GB790ASJIA2V91026_healthTitle > .title"]
    Fix any of the following:
      Element has insufficient color contrast of 3.02 (foreground color: #3399ee, background color: #ffffff, font size: 10.5pt, font weight: bold). Expected contrast ratio of 4.5:1


  f) [".health_claims > .title"]
    Fix any of the following:
      Element has insufficient color contrast of 3.02 (foreground color: #3399ee, background color: #ffffff, font size: 10.5pt, font weight: bold). Expected contrast ratio of 4.5:1


  g) ["#ns_Z7_QB0003002GB790ASJIA2V910S5_\\:claimSection > .page-section > .sm-datatable > tbody > tr:nth-child(2) > td:nth-child(1) > a > .calbox > .calbox-month"]
    Fix any of the following:
      Element has insufficient color contrast of 3.02 (foreground color: #ffffff, background color: #3399ee, font size: 8.3pt, font weight: bold). Expected contrast ratio of 4.5:1


  h) ["#ns_Z7_QB0003002GB790ASJIA2V910S5_\\:claimSection > .page-section > .sm-datatable > tbody > tr:nth-child(2) > td:nth-child(1) > a > .calbox > .calbox-month > span"]
    Fix any of the following:
      Element has insufficient color contrast of 3.02 (foreground color: #ffffff, background color: #3399ee, font size: 8.3pt, font weight: bold). Expected contrast ratio of 4.5:1


  i) ["#ns_Z7_QB0003002GB790ASJIA2V910S5_\\:claimSection > .page-section > .sm-datatable > tbody > tr:nth-child(2) > td:nth-child(1) > a > .calbox > .calbox-day"]
    Fix any of the following:
      Element has insufficient color contrast of 2.72 (foreground color: #2288dd, background color: #ccddff, font size: 12.0pt, font weight: bold). Expected contrast ratio of 4.5:1


  j) ["#ns_Z7_QB0003002GB790ASJIA2V910S5_\\:claimSection > .page-section > .sm-datatable > tbody > tr:nth-child(3) > td:nth-child(1) > a > .calbox > .calbox-month"]
    Fix any of the following:
      Element has insufficient color contrast of 3.02 (foreground color: #ffffff, background color: #3399ee, font size: 8.3pt, font weight: bold). Expected contrast ratio of 4.5:1


  k) ["#ns_Z7_QB0003002GB790ASJIA2V910S5_\\:claimSection > .page-section > .sm-datatable > tbody > tr:nth-child(3) > td:nth-child(1) > a > .calbox > .calbox-month > span"]
    Fix any of the following:
      Element has insufficient color contrast of 3.02 (foreground color: #ffffff, background color: #3399ee, font size: 8.3pt, font weight: bold). Expected contrast ratio of 4.5:1


  l) ["#ns_Z7_QB0003002GB790ASJIA2V910S5_\\:claimSection > .page-section > .sm-datatable > tbody > tr:nth-child(3) > td:nth-child(1) > a > .calbox > .calbox-day"]
    Fix any of the following:
      Element has insufficient color contrast of 2.72 (foreground color: #2288dd, background color: #ccddff, font size: 12.0pt, font weight: bold). Expected contrast ratio of 4.5:1


  m) ["#ns_Z7_QB0003002GB790ASJIA2V910S5_\\:claimSection > .page-section > .sm-datatable > tbody > tr:nth-child(4) > td:nth-child(1) > a > .calbox > .calbox-month"]
    Fix any of the following:
      Element has insufficient color contrast of 3.02 (foreground color: #ffffff, background color: #3399ee, font size: 8.3pt, font weight: bold). Expected contrast ratio of 4.5:1


  n) ["#ns_Z7_QB0003002GB790ASJIA2V910S5_\\:claimSection > .page-section > .sm-datatable > tbody > tr:nth-child(4) > td:nth-child(1) > a > .calbox > .calbox-month > span"]
    Fix any of the following:
      Element has insufficient color contrast of 3.02 (foreground color: #ffffff, background color: #3399ee, font size: 8.3pt, font weight: bold). Expected contrast ratio of 4.5:1


  o) ["#ns_Z7_QB0003002GB790ASJIA2V910S5_\\:claimSection > .page-section > .sm-datatable > tbody > tr:nth-child(4) > td:nth-child(1) > a > .calbox > .calbox-day"]
    Fix any of the following:
      Element has insufficient color contrast of 2.72 (foreground color: #2288dd, background color: #ccddff, font size: 12.0pt, font weight: bold). Expected contrast ratio of 4.5:1


  p) [".dental_claims > .title"]
    Fix any of the following:
      Element has insufficient color contrast of 3.02 (foreground color: #3399ee, background color: #ffffff, font size: 10.5pt, font weight: bold). Expected contrast ratio of 4.5:1


  q) ["#ns_Z7_QB0003002GB790ASJIA2V910S7_\\:claimSection > .page-section > .sm-datatable > tbody > tr:nth-child(2) > td:nth-child(1) > a > .calbox > .calbox-month"]
    Fix any of the following:
      Element has insufficient color contrast of 3.02 (foreground color: #ffffff, background color: #3399ee, font size: 8.3pt, font weight: bold). Expected contrast ratio of 4.5:1


  r) ["#ns_Z7_QB0003002GB790ASJIA2V910S7_\\:claimSection > .page-section > .sm-datatable > tbody > tr:nth-child(2) > td:nth-child(1) > a > .calbox > .calbox-month > span"]
    Fix any of the following:
      Element has insufficient color contrast of 3.02 (foreground color: #ffffff, background color: #3399ee, font size: 8.3pt, font weight: bold). Expected contrast ratio of 4.5:1


  s) ["#ns_Z7_QB0003002GB790ASJIA2V910S7_\\:claimSection > .page-section > .sm-datatable > tbody > tr:nth-child(2) > td:nth-child(1) > a > .calbox > .calbox-day"]
    Fix any of the following:
      Element has insufficient color contrast of 2.72 (foreground color: #2288dd, background color: #ccddff, font size: 12.0pt, font weight: bold). Expected contrast ratio of 4.5:1


  t) ["#ns_Z7_QB0003002GB790ASJIA2V910S7_\\:claimSection > .page-section > .sm-datatable > tbody > tr:nth-child(3) > td:nth-child(1) > a > .calbox > .calbox-month"]
    Fix any of the following:
      Element has insufficient color contrast of 3.02 (foreground color: #ffffff, background color: #3399ee, font size: 8.3pt, font weight: bold). Expected contrast ratio of 4.5:1


  u) ["#ns_Z7_QB0003002GB790ASJIA2V910S7_\\:claimSection > .page-section > .sm-datatable > tbody > tr:nth-child(3) > td:nth-child(1) > a > .calbox > .calbox-month > span"]
    Fix any of the following:
      Element has insufficient color contrast of 3.02 (foreground color: #ffffff, background color: #3399ee, font size: 8.3pt, font weight: bold). Expected contrast ratio of 4.5:1


  v) ["#ns_Z7_QB0003002GB790ASJIA2V910S7_\\:claimSection > .page-section > .sm-datatable > tbody > tr:nth-child(3) > td:nth-child(1) > a > .calbox > .calbox-day"]
    Fix any of the following:
      Element has insufficient color contrast of 2.72 (foreground color: #2288dd, background color: #ccddff, font size: 12.0pt, font weight: bold). Expected contrast ratio of 4.5:1


  w) ["#ns_Z7_QB0003002GB790ASJIA2V910S7_\\:claimSection > .page-section > .sm-datatable > tbody > tr:nth-child(4) > td:nth-child(1) > a > .calbox > .calbox-month"]
    Fix any of the following:
      Element has insufficient color contrast of 3.02 (foreground color: #ffffff, background color: #3399ee, font size: 8.3pt, font weight: bold). Expected contrast ratio of 4.5:1


  x) ["#ns_Z7_QB0003002GB790ASJIA2V910S7_\\:claimSection > .page-section > .sm-datatable > tbody > tr:nth-child(4) > td:nth-child(1) > a > .calbox > .calbox-month > span"]
    Fix any of the following:
      Element has insufficient color contrast of 3.02 (foreground color: #ffffff, background color: #3399ee, font size: 8.3pt, font weight: bold). Expected contrast ratio of 4.5:1


  y) ["#ns_Z7_QB0003002GB790ASJIA2V910S7_\\:claimSection > .page-section > .sm-datatable > tbody > tr:nth-child(4) > td:nth-child(1) > a > .calbox > .calbox-day"]
    Fix any of the following:
      Element has insufficient color contrast of 2.72 (foreground color: #2288dd, background color: #ccddff, font size: 12.0pt, font weight: bold). Expected contrast ratio of 4.5:1


2) id attribute value must be unique: https://dequeuniversity.com/rules/axe/3.1/duplicate-id?application=axeAPI
  a) [".id-Z7_7P9A1HC0OGMD40Q4OKLNDN00Q5 > .ibmPortalControl.wpthemeControl.wpthemeHidden > .wpthemeControlHeader[role=\"banner\"] > .wpthemeInner > .contextMenuInSkinIcon.wpthemeIcon.wpthemeMenuFocus > .wpthemeMenu[data-positioning-handler=\"horizontallyCenteredBelow\"] > .wpthemeAnchorSubmenu.wpthemeTemplateSubmenu > .wpthemeMenuSubmenu.wpthemeMenuBorder > .wpthemeMenuDropDown[role=\"menu\"]"]
    Fix any of the following:
      Document has multiple static elements with the same id attribute


3) Headings must not be empty: https://dequeuniversity.com/rules/axe/3.1/empty-heading?application=axeAPI
  a) ["#Poster-Secure-1 > h2"]
    Fix any of the following:
      Element does not have text that is visible to screen readers


  b) ["#Poster-Secure-2 > h2"]
    Fix any of the following:
      Element does not have text that is visible to screen readers


  c) ["#Poster-Secure-3 > h2"]
    Fix any of the following:
      Element does not have text that is visible to screen readers


  d) ["#Poster-Secure-4 > h2"]
    Fix any of the following:
      Element does not have text that is visible to screen readers


4) Page must not have more than one banner landmark: https://dequeuniversity.com/rules/axe/3.1/landmark-no-duplicate-banner?application=axeAPI
  a) ["html"]
    Fix any of the following:
      Document has more than one banner landmark


5) Links must have discernible text: https://dequeuniversity.com/rules/axe/3.1/link-name?application=axeAPI
  a) ["#Poster-15dd8220-1c54-40ac-8a0b-e69e27ef10fd"]
    Fix all of the following:
      Element is in tab order and does not have accessible text

    Fix any of the following:
      Element does not have text that is visible to screen readers
      aria-label attribute does not exist or is empty
      aria-labelledby attribute does not exist, references elements that do not exist or references elements that are empty
      Element's default semantics were not overridden with role="presentation"
      Element's default semantics were not overridden with role="none"


6) <ul> and <ol> must only directly contain <li>, <script> or <template> elements: https://dequeuniversity.com/rules/axe/3.1/list?application=axeAPI
  a) ["nav > ul"]
    Fix all of the following:
      List element has direct children that are not allowed inside <li> elements


7) All page content must be contained by landmarks: https://dequeuniversity.com/rules/axe/3.1/region?application=axeAPI
  a) ["html"]
    Fix any of the following:
      Some page content is not contained by landmarks


]]></failure>
    <system-out><![CDATA[I am in login page
marketing
pass@01a
Violation num: 7
Screenshot has been attached with report
]]></system-out>
    <system-err><![CDATA[SLF4J: No SLF4J providers were found.
SLF4J: Defaulting to no-operation (NOP) logger implementation
SLF4J: See http://www.slf4j.org/codes.html#noProviders for further details.
ERROR StatusLogger Log4j2 could not find a logging implementation. Please add log4j-core to the classpath. Using SimpleLogger to log to the console...
Starting ChromeDriver 110.0.5481.77 (65ed616c6e8ee3fe0ad64fe83796c020644d42af-refs/branch-heads/5481@{#839}) on port 35259
Only local connections are allowed.
Please see https://chromedriver.chromium.org/security-considerations for suggestions on keeping ChromeDriver safe.
ChromeDriver was started successfully.
[1677277484.587][WARNING]: virtual void DevToolsClientImpl::AddListener(DevToolsEventListener *) subscribing a listener to the already connected DevToolsClient. Connection notification will not arrive.
Feb 24, 2023 4:24:44 PM org.openqa.selenium.devtools.CdpVersionFinder findNearestMatch
WARNING: Unable to find an exact match for CDP version 110, so returning the closest version found: 108
]]></system-err>
  </testcase>
</testsuite>